* Starting client
* Connecting to master process on port 2960
* Analyzing classpath: 
  - C:\Users\namra\Desktop\Spring_2022\evosuite-bug\target\classes
  - C:\Users\namra\.m2\repository\junit\junit\4.12\junit-4.12.jar
  - C:\Users\namra\.m2\repository\org\hamcrest\hamcrest-core\1.3\hamcrest-core-1.3.jar
* Finished analyzing classpath
* Generating tests for class avlTree.AVLTree
* Test criteria:
  - Line Coverage
  - Branch Coverage
  - Exception
  - Mutation testing (weak)
  - Method-Output Coverage
  - Top-Level Method Coverage
  - No-Exception Top-Level Method Coverage
  - Context Branch Coverage
* Setting up search algorithm for whole suite generation
[MASTER] 14:00:04.500 [pool-2-thread-1] WARN  TestSuiteSerialization - Cannot load tests because file does not exist: C:\Users\namra\Desktop\Spring_2022\evosuite-bug\.evosuite\evosuite-seeds\avlTree.AVLTree.seed
* Loaded 0 tests from C:\Users\namra\Desktop\Spring_2022\evosuite-bug\.evosuite\evosuite-seeds\avlTree.AVLTree.seed
* Total number of test goals: 
  - Line 73
  - Branch 48
  - Exception 0
  - MutationFactory 177
  - Output 10
  - Method 8
  - MethodNoException 8
  - CBranchFitnessFactory 48
* Using seed 1650135602972
* Starting evolution
* Search finished after 69s and 35 generations, 18521 statements, best individual has fitness: 26.2
* Writing sequences to pool
* Minimizing test suite
[MASTER] 14:01:26.336 [pool-2-thread-1] WARN  TestSuiteMinimizer - Minimization timeout. Roll back to original test suite
* Going to analyze the coverage criteria
* Coverage analysis for criterion LINE
* Coverage of criterion LINE: 100%
* Total number of goals: 73
* Number of covered goals: 73
* Coverage analysis for criterion BRANCH
* Coverage of criterion BRANCH: 98%
* Total number of goals: 48
* Number of covered goals: 47
* Coverage analysis for criterion EXCEPTION
* Coverage of criterion EXCEPTION: 100%
* Total number of goals: 4
* Number of covered goals: 4
* Coverage analysis for criterion WEAKMUTATION
* Coverage of criterion WEAKMUTATION: 95%
* Total number of goals: 177
* Number of covered goals: 169
* Coverage analysis for criterion OUTPUT
* Coverage of criterion OUTPUT: 100%
* Total number of goals: 10
* Number of covered goals: 10
* Coverage analysis for criterion METHOD
* Coverage of criterion METHOD: 100%
* Total number of goals: 8
* Number of covered goals: 8
* Coverage analysis for criterion METHODNOEXCEPTION
* Coverage of criterion METHODNOEXCEPTION: 100%
* Total number of goals: 8
* Number of covered goals: 8
* Coverage analysis for criterion CBRANCH
* Coverage of criterion CBRANCH: 58%
* Total number of goals: 48
* Number of covered goals: 28
* Generated 26 tests with total length 242
* Resulting test suite's coverage: 94% (average coverage for all fitness functions)
* Generating assertions
[MASTER] 14:01:34.068 [pool-2-thread-1] WARN  SimpleMutationAssertionGenerator - Assertion minimization is taking too long (0.8557777777777777% of time used, but only 3/26 tests minimized), falling back to using all assertions
* Resulting test suite's mutation score: 58%
* Compiling and checking tests
* Writing JUnit test case 'AVLTree_ESTest' to C:\Users\namra\Desktop\Spring_2022\evosuite-bug\.evosuite\tmp_2022_04_16_14_00_01\tests
* Done!

